<?xml version="1.0" encoding="UTF-8"?>
<!-- Generated by org.testng.reporters.JUnitReportReporter -->
<testsuite hostname="DESKTOP-O4GGBB4" name="GmailTest" tests="2" failures="0" timestamp="25 Apr 2016 10:07:12 GMT" time="56.903" errors="0">
  <testcase name="LogIn" time="13.210" classname="GmailTest"/>
  <testcase name="SendMail" time="43.693" classname="GmailTest"/>
</testsuite> <!-- GmailTest -->
